<?xml version="1.0" encoding="UTF-8"?>
<testsuite name="TemperatureConverterTest" tests="1" skipped="0" failures="0" errors="0" timestamp="2023-07-21T14:23:54" hostname="WESLEY" time="0.365">
  <properties/>
  <testcase name="celsiusToFahrenheit()" classname="TemperatureConverterTest" time="0.365"/>
  <system-out><![CDATA[]]></system-out>
  <system-err><![CDATA[]]></system-err>
</testsuite>
